<?xml version="1.0" encoding="UTF-8"?>
<testng-results ignored="0" total="1" passed="1" failed="0" skipped="0">
  <reporter-output>
  </reporter-output>
  <suite started-at="2023-07-22T21:21:45 IST" name="Default suite" finished-at="2023-07-22T21:26:13 IST" duration-ms="268531">
    <groups>
    </groups>
    <test started-at="2023-07-22T21:21:45 IST" name="Default test" finished-at="2023-07-22T21:26:13 IST" duration-ms="268531">
      <class name="tests.PageFactory_GoogleSearchTest">
        <test-method signature="test1()[pri:0, instance:tests.PageFactory_GoogleSearchTest@4d5b6aac]" started-at="2023-07-22T21:21:45 IST" name="test1" finished-at="2023-07-22T21:26:13 IST" duration-ms="268368" status="PASS">
          <reporter-output>
          </reporter-output>
        </test-method> <!-- test1 -->
      </class> <!-- tests.PageFactory_GoogleSearchTest -->
    </test> <!-- Default test -->
  </suite> <!-- Default suite -->
</testng-results>
